TN:
SF:C:\Users\janbe\Desktop\Hauptordner\Schule\Semester_4\Projekt\devonfw\workspaces\main\my-thai-star\alexa\lambda\config.js
FNF:0
FNH:0
DA:1,0
LF:1
LH:0
BRF:0
BRH:0
end_of_record
TN:
SF:C:\Users\janbe\Desktop\Hauptordner\Schule\Semester_4\Projekt\devonfw\workspaces\main\my-thai-star\alexa\lambda\index.js
FN:39,(anonymous_0)
FN:44,(anonymous_1)
FN:55,(anonymous_2)
FN:61,(anonymous_3)
FN:102,(anonymous_4)
FN:108,(anonymous_5)
FN:118,(anonymous_6)
FN:127,(anonymous_7)
FN:133,(anonymous_8)
FN:139,(anonymous_9)
FN:150,(anonymous_10)
FN:155,(anonymous_11)
FN:172,(anonymous_12)
FN:175,(anonymous_13)
FN:187,(anonymous_14)
FN:190,(anonymous_15)
FNF:16
FNH:0
FNDA:0,(anonymous_0)
FNDA:0,(anonymous_1)
FNDA:0,(anonymous_2)
FNDA:0,(anonymous_3)
FNDA:0,(anonymous_4)
FNDA:0,(anonymous_5)
FNDA:0,(anonymous_6)
FNDA:0,(anonymous_7)
FNDA:0,(anonymous_8)
FNDA:0,(anonymous_9)
FNDA:0,(anonymous_10)
FNDA:0,(anonymous_11)
FNDA:0,(anonymous_12)
FNDA:0,(anonymous_13)
FNDA:0,(anonymous_14)
FNDA:0,(anonymous_15)
DA:4,1
DA:5,0
DA:6,0
DA:8,0
DA:32,0
DA:38,0
DA:40,0
DA:46,0
DA:47,0
DA:54,0
DA:56,0
DA:66,0
DA:68,0
DA:69,0
DA:70,0
DA:75,0
DA:76,0
DA:77,0
DA:79,0
DA:81,0
DA:84,0
DA:85,0
DA:87,0
DA:91,0
DA:93,0
DA:94,0
DA:95,0
DA:97,0
DA:101,0
DA:103,0
DA:109,0
DA:111,0
DA:117,0
DA:119,0
DA:128,0
DA:129,0
DA:132,0
DA:134,0
DA:141,0
DA:149,0
DA:151,0
DA:156,0
DA:157,0
DA:159,0
DA:171,0
DA:173,0
DA:176,0
DA:177,0
DA:179,0
DA:186,0
DA:188,0
DA:191,0
DA:192,0
DA:197,0
DA:207,0
LF:55
LH:1
BRDA:57,0,0,0
BRDA:57,0,1,0
BRDA:69,1,0,0
BRDA:69,1,1,0
BRDA:84,2,0,0
BRDA:84,2,1,0
BRDA:93,3,0,0
BRDA:93,3,1,0
BRDA:104,4,0,0
BRDA:104,4,1,0
BRDA:120,5,0,0
BRDA:120,5,1,0
BRDA:120,5,2,0
BRDA:191,6,0,0
BRDA:191,6,1,0
BRF:15
BRH:0
end_of_record
TN:
SF:C:\Users\janbe\Desktop\Hauptordner\Schule\Semester_4\Projekt\devonfw\workspaces\main\my-thai-star\alexa\lambda\local-debugger.js
FN:50,(anonymous_0)
FN:63,(anonymous_1)
FN:65,(anonymous_2)
FN:68,(anonymous_3)
FN:81,getAndValidatePortNumber
FN:101,getLambdaHandlerName
FN:111,getAndValidateSkillInvokerFile
FN:125,getArgument
FNF:8
FNH:0
FNDA:0,(anonymous_0)
FNDA:0,(anonymous_1)
FNDA:0,(anonymous_2)
FNDA:0,(anonymous_3)
FNDA:0,getAndValidatePortNumber
FNDA:0,getLambdaHandlerName
FNDA:0,getAndValidateSkillInvokerFile
FNDA:0,getArgument
DA:25,0
DA:26,0
DA:28,0
DA:30,0
DA:31,0
DA:32,0
DA:33,0
DA:34,0
DA:42,0
DA:43,0
DA:44,0
DA:50,0
DA:51,0
DA:63,0
DA:64,0
DA:65,0
DA:66,0
DA:67,0
DA:68,0
DA:69,0
DA:70,0
DA:71,0
DA:82,0
DA:83,0
DA:84,0
DA:86,0
DA:87,0
DA:89,0
DA:90,0
DA:93,0
DA:102,0
DA:112,0
DA:113,0
DA:114,0
DA:116,0
DA:126,0
DA:127,0
DA:128,0
DA:129,0
DA:131,0
DA:134,0
LF:41
LH:0
BRDA:83,0,0,0
BRDA:83,0,1,0
BRDA:86,1,0,0
BRDA:86,1,1,0
BRDA:86,2,0,0
BRDA:86,2,1,0
BRDA:89,3,0,0
BRDA:89,3,1,0
BRDA:113,4,0,0
BRDA:113,4,1,0
BRDA:127,5,0,0
BRDA:127,5,1,0
BRDA:127,6,0,0
BRDA:127,6,1,0
BRDA:128,7,0,0
BRDA:128,7,1,0
BRF:16
BRH:0
end_of_record
TN:
SF:C:\Users\janbe\Desktop\Hauptordner\Schule\Semester_4\Projekt\devonfw\workspaces\main\my-thai-star\alexa\lambda\server.js
FN:10,(anonymous_0)
FN:14,(anonymous_1)
FN:16,(anonymous_2)
FN:18,(anonymous_3)
FNF:4
FNH:0
FNDA:0,(anonymous_0)
FNDA:0,(anonymous_1)
FNDA:0,(anonymous_2)
FNDA:0,(anonymous_3)
DA:1,0
DA:2,0
DA:3,0
DA:5,0
DA:6,0
DA:7,0
DA:8,0
DA:10,0
DA:11,0
DA:14,0
DA:15,0
DA:16,0
DA:17,0
DA:18,0
DA:19,0
DA:20,0
LF:16
LH:0
BRF:0
BRH:0
end_of_record
TN:
SF:C:\Users\janbe\Desktop\Hauptordner\Schule\Semester_4\Projekt\devonfw\workspaces\main\my-thai-star\alexa\lambda\util.js
FN:9,getS3PreSignedUrl
FN:20,(anonymous_1)
FN:21,(anonymous_2)
FN:44,(anonymous_3)
FN:46,(anonymous_4)
FN:49,(anonymous_5)
FN:54,(anonymous_6)
FNF:7
FNH:0
FNDA:0,getS3PreSignedUrl
FNDA:0,(anonymous_1)
FNDA:0,(anonymous_2)
FNDA:0,(anonymous_3)
FNDA:0,(anonymous_4)
FNDA:0,(anonymous_5)
FNDA:0,(anonymous_6)
DA:1,0
DA:2,0
DA:3,0
DA:5,0
DA:9,0
DA:10,0
DA:11,0
DA:16,0
DA:17,0
DA:20,0
DA:21,0
DA:22,0
DA:23,0
DA:24,0
DA:33,0
DA:44,0
DA:45,0
DA:46,0
DA:47,0
DA:49,0
DA:50,0
DA:54,0
DA:55,0
DA:58,0
DA:59,0
LF:25
LH:0
BRF:0
BRH:0
end_of_record
