{
  "numFailedTestSuites": 1,
  "numFailedTests": 7,
  "numPassedTestSuites": 0,
  "numPassedTests": 2,
  "numPendingTestSuites": 0,
  "numPendingTests": 0,
  "numRuntimeErrorTestSuites": 0,
  "numTodoTests": 0,
  "numTotalTestSuites": 1,
  "numTotalTests": 9,
  "openHandles": [],
  "snapshot": {
    "added": 0,
    "didUpdate": false,
    "failure": false,
    "filesAdded": 0,
    "filesRemoved": 0,
    "filesRemovedList": [],
    "filesUnmatched": 0,
    "filesUpdated": 0,
    "matched": 0,
    "total": 0,
    "unchecked": 0,
    "uncheckedKeysByFile": [],
    "unmatched": 0,
    "updated": 0
  },
  "startTime": 1621295994036,
  "success": false,
  "testResults": [
    {
      "failureMessage": "  ● ../../skill-package/interactionModels/custom/en-US › Launch and reserve a Table › ReserveIntent\n\n    Expected value at [prompt] to ==\n\n      \tReserved Table for: kirk@enterprise.org\n      Received:\n      \t<speak>Uh Oh. Looks like something went wrong.</speak>\n      Timestamp:\n      \t2021-05-18T02:00:52.602\n\n  ● ../../skill-package/interactionModels/custom/en-US › Launch and reserve a Table without direct Intent call (reserve) › reserve\n\n    Expected value at [prompt] to ==\n    \tReserved Table for: kirk@enterprise.org\n\n    Received:\n    \t<speak>Uh Oh. Looks like something went wrong.</speak>\n\n      32 |     - prompt: \"Welcome, do you want to order food or reserve a table?\"\n      33 | - reserve: \n    > 34 |     - prompt:  \"Reserved Table for: kirk@enterprise.org\"\n      35 | ---\n      36 | - test: Launch and reserve a Table without direct Intent call (reserve table)\n      37 | - open my thai star at home:\n\n      at alexa/test/index.test.yml:34:0\n      Timestamp:\n      \t2021-05-18T02:00:54.943\n\n  ● ../../skill-package/interactionModels/custom/en-US › Launch and reserve a Table without direct Intent call (reserve table) › reserve table\n\n    Expected value at [prompt] to ==\n    \tReserved Table for: kirk@enterprise.org\n\n    Received:\n    \t<speak>Uh Oh. Looks like something went wrong.</speak>\n\n      38 |     - prompt: \"Welcome, do you want to order food or reserve a table?\"\n      39 | - reserve table: \n    > 40 |     - prompt:  \"Reserved Table for: kirk@enterprise.org\"\n      41 | ---\n      42 | - test: Launch and reserve a Table without direct Intent call (reservation)\n      43 | - open my thai star at home:\n\n      at alexa/test/index.test.yml:40:0\n      Timestamp:\n      \t2021-05-18T02:00:57.238\n\n  ● ../../skill-package/interactionModels/custom/en-US › Launch and reserve a Table without direct Intent call (reservation) › reservation\n\n    Expected value at [prompt] to ==\n    \tReserved Table for: kirk@enterprise.org\n\n    Received:\n    \t<speak>Uh Oh. Looks like something went wrong.</speak>\n\n      44 |     - prompt: \"Welcome, do you want to order food or reserve a table?\"\n      45 | - reservation: \n    > 46 |     - prompt:  \"Reserved Table for: kirk@enterprise.org\"\n      47 | ---\n      48 | - test: Launch and reserve a Table without direct Intent call (book)\n      49 | - open my thai star at home:\n\n      at alexa/test/index.test.yml:46:0\n      Timestamp:\n      \t2021-05-18T02:00:59.546\n\n  ● ../../skill-package/interactionModels/custom/en-US › Launch and reserve a Table without direct Intent call (book) › book\n\n    Expected value at [prompt] to ==\n    \tReserved Table for: kirk@enterprise.org\n\n    Received:\n    \t<speak>Uh Oh. Looks like something went wrong.</speak>\n\n      50 |     - prompt: \"Welcome, do you want to order food or reserve a table?\"\n      51 | - book: \n    > 52 |     - prompt:  \"Reserved Table for: kirk@enterprise.org\"\n      53 | ---\n      54 | - test: Launch and reserve a Table without direct Intent call (book table)\n      55 | - open my thai star at home:\n\n      at alexa/test/index.test.yml:52:0\n      Timestamp:\n      \t2021-05-18T02:01:01.864\n\n  ● ../../skill-package/interactionModels/custom/en-US › Launch and reserve a Table without direct Intent call (book table) › book table\n\n    Expected value at [prompt] to ==\n    \tReserved Table for: kirk@enterprise.org\n\n    Received:\n    \t<speak>Uh Oh. Looks like something went wrong.</speak>\n\n      56 |     - prompt: \"Welcome, do you want to order food or reserve a table?\"\n      57 | - book table: \n    > 58 |     - prompt:  \"Reserved Table for: kirk@enterprise.org\"\n      59 | ---\n      60 | - test: Launch and reserve a Table without direct Intent call (booking)\n      61 | - open my thai star at home:\n\n      at alexa/test/index.test.yml:58:0\n      Timestamp:\n      \t2021-05-18T02:01:04.168\n\n  ● ../../skill-package/interactionModels/custom/en-US › Launch and reserve a Table without direct Intent call (booking) › booking\n\n    Expected value at [prompt] to ==\n    \tReserved Table for: kirk@enterprise.org\n\n    Received:\n    \t<speak>Uh Oh. Looks like something went wrong.</speak>\n\n      62 |     - prompt: \"Welcome, do you want to order food or reserve a table?\"\n      63 | - booking: \n    > 64 |     - prompt:  \"Reserved Table for: kirk@enterprise.org\"\n\n      at alexa/test/index.test.yml:64:0\n      Timestamp:\n      \t2021-05-18T02:01:06.487\n",
      "leaks": false,
      "memoryUsage": 0,
      "numFailingTests": 7,
      "numPassingTests": 2,
      "numPendingTests": 0,
      "numTodoTests": 0,
      "skipped": false,
      "snapshot": {
        "added": 0,
        "fileDeleted": false,
        "matched": 0,
        "unchecked": 0,
        "uncheckedKeys": [],
        "unmatched": 0,
        "updated": 0
      },
      "sourceMaps": {},
      "testFilePath": "C:\\Users\\janbe\\Desktop\\Hauptordner\\Schule\\Semester_4\\Projekt\\devonfw\\workspaces\\my-thai-star\\alexa\\test\\index.test.yml",
      "testResults": [
        {
          "ancestorTitles": [
            "../../skill-package/interactionModels/custom/en-US",
            "Launch the my thai star skill"
          ],
          "duration": 51847,
          "failureMessages": [],
          "location": {
            "column": 0,
            "line": 0
          },
          "numPassingAsserts": 0,
          "status": "passed",
          "title": "LaunchRequest"
        },
        {
          "ancestorTitles": [
            "../../skill-package/interactionModels/custom/en-US",
            "Launch and reserve a Table"
          ],
          "duration": 3,
          "failureMessages": [],
          "location": {
            "column": 0,
            "line": 0
          },
          "numPassingAsserts": 0,
          "status": "passed",
          "title": "LaunchRequest"
        },
        {
          "ancestorTitles": [
            "../../skill-package/interactionModels/custom/en-US",
            "Launch and reserve a Table"
          ],
          "duration": 2356,
          "failureMessages": [
            "Expected value at [prompt] to ==\n\tReserved Table for: kirk@enterprise.org\n\nReceived:\n\t<speak>Uh Oh. Looks like something went wrong.</speak>\n\nTimestamp:\n\t2021-05-18T02:00:52.602"
          ],
          "location": {
            "column": 0,
            "line": 0
          },
          "numPassingAsserts": 0,
          "status": "failed",
          "title": "ReserveIntent"
        },
        {
          "ancestorTitles": [
            "../../skill-package/interactionModels/custom/en-US",
            "Launch My-Thai-Star without direct Intent call"
          ],
          "duration": 8,
          "failureMessages": [],
          "location": {
            "column": 0,
            "line": 0
          },
          "numPassingAsserts": 0,
          "status": "passed",
          "title": "open my thai star at home"
        },
        {
          "ancestorTitles": [
            "../../skill-package/interactionModels/custom/en-US",
            "Launch and reserve a Table without direct Intent call (reserve)"
          ],
          "duration": 6,
          "failureMessages": [],
          "location": {
            "column": 0,
            "line": 0
          },
          "numPassingAsserts": 0,
          "status": "passed",
          "title": "open my thai star at home"
        },
        {
          "ancestorTitles": [
            "../../skill-package/interactionModels/custom/en-US",
            "Launch and reserve a Table without direct Intent call (reserve)"
          ],
          "duration": 2316,
          "failureMessages": [
            "Expected value at [prompt] to ==\n\tReserved Table for: kirk@enterprise.org\n\nReceived:\n\t<speak>Uh Oh. Looks like something went wrong.</speak>\nat C:\\Users\\janbe\\Desktop\\Hauptordner\\Schule\\Semester_4\\Projekt\\devonfw\\workspaces\\my-thai-star\\alexa\\test\\index.test.yml:34:0\nTimestamp:\n\t2021-05-18T02:00:54.943"
          ],
          "location": {
            "column": 0,
            "line": 0
          },
          "numPassingAsserts": 0,
          "status": "failed",
          "title": "reserve"
        },
        {
          "ancestorTitles": [
            "../../skill-package/interactionModels/custom/en-US",
            "Launch and reserve a Table without direct Intent call (reserve table)"
          ],
          "duration": 6,
          "failureMessages": [],
          "location": {
            "column": 0,
            "line": 0
          },
          "numPassingAsserts": 0,
          "status": "passed",
          "title": "open my thai star at home"
        },
        {
          "ancestorTitles": [
            "../../skill-package/interactionModels/custom/en-US",
            "Launch and reserve a Table without direct Intent call (reserve table)"
          ],
          "duration": 2285,
          "failureMessages": [
            "Expected value at [prompt] to ==\n\tReserved Table for: kirk@enterprise.org\n\nReceived:\n\t<speak>Uh Oh. Looks like something went wrong.</speak>\nat C:\\Users\\janbe\\Desktop\\Hauptordner\\Schule\\Semester_4\\Projekt\\devonfw\\workspaces\\my-thai-star\\alexa\\test\\index.test.yml:40:0\nTimestamp:\n\t2021-05-18T02:00:57.238"
          ],
          "location": {
            "column": 0,
            "line": 0
          },
          "numPassingAsserts": 0,
          "status": "failed",
          "title": "reserve table"
        },
        {
          "ancestorTitles": [
            "../../skill-package/interactionModels/custom/en-US",
            "Launch and reserve a Table without direct Intent call (reservation)"
          ],
          "duration": 7,
          "failureMessages": [],
          "location": {
            "column": 0,
            "line": 0
          },
          "numPassingAsserts": 0,
          "status": "passed",
          "title": "open my thai star at home"
        },
        {
          "ancestorTitles": [
            "../../skill-package/interactionModels/custom/en-US",
            "Launch and reserve a Table without direct Intent call (reservation)"
          ],
          "duration": 2296,
          "failureMessages": [
            "Expected value at [prompt] to ==\n\tReserved Table for: kirk@enterprise.org\n\nReceived:\n\t<speak>Uh Oh. Looks like something went wrong.</speak>\nat C:\\Users\\janbe\\Desktop\\Hauptordner\\Schule\\Semester_4\\Projekt\\devonfw\\workspaces\\my-thai-star\\alexa\\test\\index.test.yml:46:0\nTimestamp:\n\t2021-05-18T02:00:59.546"
          ],
          "location": {
            "column": 0,
            "line": 0
          },
          "numPassingAsserts": 0,
          "status": "failed",
          "title": "reservation"
        },
        {
          "ancestorTitles": [
            "../../skill-package/interactionModels/custom/en-US",
            "Launch and reserve a Table without direct Intent call (book)"
          ],
          "duration": 6,
          "failureMessages": [],
          "location": {
            "column": 0,
            "line": 0
          },
          "numPassingAsserts": 0,
          "status": "passed",
          "title": "open my thai star at home"
        },
        {
          "ancestorTitles": [
            "../../skill-package/interactionModels/custom/en-US",
            "Launch and reserve a Table without direct Intent call (book)"
          ],
          "duration": 2306,
          "failureMessages": [
            "Expected value at [prompt] to ==\n\tReserved Table for: kirk@enterprise.org\n\nReceived:\n\t<speak>Uh Oh. Looks like something went wrong.</speak>\nat C:\\Users\\janbe\\Desktop\\Hauptordner\\Schule\\Semester_4\\Projekt\\devonfw\\workspaces\\my-thai-star\\alexa\\test\\index.test.yml:52:0\nTimestamp:\n\t2021-05-18T02:01:01.864"
          ],
          "location": {
            "column": 0,
            "line": 0
          },
          "numPassingAsserts": 0,
          "status": "failed",
          "title": "book"
        },
        {
          "ancestorTitles": [
            "../../skill-package/interactionModels/custom/en-US",
            "Launch and reserve a Table without direct Intent call (book table)"
          ],
          "duration": 3,
          "failureMessages": [],
          "location": {
            "column": 0,
            "line": 0
          },
          "numPassingAsserts": 0,
          "status": "passed",
          "title": "open my thai star at home"
        },
        {
          "ancestorTitles": [
            "../../skill-package/interactionModels/custom/en-US",
            "Launch and reserve a Table without direct Intent call (book table)"
          ],
          "duration": 2296,
          "failureMessages": [
            "Expected value at [prompt] to ==\n\tReserved Table for: kirk@enterprise.org\n\nReceived:\n\t<speak>Uh Oh. Looks like something went wrong.</speak>\nat C:\\Users\\janbe\\Desktop\\Hauptordner\\Schule\\Semester_4\\Projekt\\devonfw\\workspaces\\my-thai-star\\alexa\\test\\index.test.yml:58:0\nTimestamp:\n\t2021-05-18T02:01:04.168"
          ],
          "location": {
            "column": 0,
            "line": 0
          },
          "numPassingAsserts": 0,
          "status": "failed",
          "title": "book table"
        },
        {
          "ancestorTitles": [
            "../../skill-package/interactionModels/custom/en-US",
            "Launch and reserve a Table without direct Intent call (booking)"
          ],
          "duration": 3,
          "failureMessages": [],
          "location": {
            "column": 0,
            "line": 0
          },
          "numPassingAsserts": 0,
          "status": "passed",
          "title": "open my thai star at home"
        },
        {
          "ancestorTitles": [
            "../../skill-package/interactionModels/custom/en-US",
            "Launch and reserve a Table without direct Intent call (booking)"
          ],
          "duration": 2310,
          "failureMessages": [
            "Expected value at [prompt] to ==\n\tReserved Table for: kirk@enterprise.org\n\nReceived:\n\t<speak>Uh Oh. Looks like something went wrong.</speak>\nat C:\\Users\\janbe\\Desktop\\Hauptordner\\Schule\\Semester_4\\Projekt\\devonfw\\workspaces\\my-thai-star\\alexa\\test\\index.test.yml:64:0\nTimestamp:\n\t2021-05-18T02:01:06.487"
          ],
          "location": {
            "column": 0,
            "line": 0
          },
          "numPassingAsserts": 0,
          "status": "failed",
          "title": "booking"
        }
      ],
      "perfStats": {
        "end": 1621296066514,
        "start": 1621295994733
      },
      "coverage": {
        "C:\\Users\\janbe\\Desktop\\Hauptordner\\Schule\\Semester_4\\Projekt\\devonfw\\workspaces\\my-thai-star\\alexa\\lambda\\index.js": {
          "path": "C:\\Users\\janbe\\Desktop\\Hauptordner\\Schule\\Semester_4\\Projekt\\devonfw\\workspaces\\my-thai-star\\alexa\\lambda\\index.js",
          "statementMap": {
            "0": {
              "start": {
                "line": 4,
                "column": 14
              },
              "end": {
                "line": 4,
                "column": 37
              }
            },
            "1": {
              "start": {
                "line": 6,
                "column": 13
              },
              "end": {
                "line": 6,
                "column": 74
              }
            },
            "2": {
              "start": {
                "line": 8,
                "column": 17
              },
              "end": {
                "line": 30,
                "column": 1
              }
            },
            "3": {
              "start": {
                "line": 32,
                "column": 20
              },
              "end": {
                "line": 36,
                "column": 1
              }
            },
            "4": {
              "start": {
                "line": 38,
                "column": 29
              },
              "end": {
                "line": 52,
                "column": 1
              }
            },
            "5": {
              "start": {
                "line": 40,
                "column": 4
              },
              "end": {
                "line": 42,
                "column": 6
              }
            },
            "6": {
              "start": {
                "line": 46,
                "column": 6
              },
              "end": {
                "line": 46,
                "column": 62
              }
            },
            "7": {
              "start": {
                "line": 47,
                "column": 4
              },
              "end": {
                "line": 50,
                "column": 21
              }
            },
            "8": {
              "start": {
                "line": 54,
                "column": 29
              },
              "end": {
                "line": 98,
                "column": 1
              }
            },
            "9": {
              "start": {
                "line": 56,
                "column": 4
              },
              "end": {
                "line": 59,
                "column": 6
              }
            },
            "10": {
              "start": {
                "line": 63,
                "column": 6
              },
              "end": {
                "line": 63,
                "column": 18
              }
            },
            "11": {
              "start": {
                "line": 65,
                "column": 25
              },
              "end": {
                "line": 65,
                "column": 70
              }
            },
            "12": {
              "start": {
                "line": 66,
                "column": 4
              },
              "end": {
                "line": 71,
                "column": 5
              }
            },
            "13": {
              "start": {
                "line": 67,
                "column": 6
              },
              "end": {
                "line": 70,
                "column": 23
              }
            },
            "14": {
              "start": {
                "line": 72,
                "column": 4
              },
              "end": {
                "line": 96,
                "column": 5
              }
            },
            "15": {
              "start": {
                "line": 73,
                "column": 21
              },
              "end": {
                "line": 73,
                "column": 63
              }
            },
            "16": {
              "start": {
                "line": 74,
                "column": 20
              },
              "end": {
                "line": 74,
                "column": 50
              }
            },
            "17": {
              "start": {
                "line": 76,
                "column": 6
              },
              "end": {
                "line": 76,
                "column": 75
              }
            },
            "18": {
              "start": {
                "line": 77,
                "column": 6
              },
              "end": {
                "line": 77,
                "column": 24
              }
            },
            "19": {
              "start": {
                "line": 79,
                "column": 6
              },
              "end": {
                "line": 79,
                "column": 51
              }
            },
            "20": {
              "start": {
                "line": 82,
                "column": 6
              },
              "end": {
                "line": 88,
                "column": 7
              }
            },
            "21": {
              "start": {
                "line": 83,
                "column": 8
              },
              "end": {
                "line": 83,
                "column": 79
              }
            },
            "22": {
              "start": {
                "line": 85,
                "column": 8
              },
              "end": {
                "line": 87,
                "column": 25
              }
            },
            "23": {
              "start": {
                "line": 89,
                "column": 6
              },
              "end": {
                "line": 89,
                "column": 22
              }
            },
            "24": {
              "start": {
                "line": 91,
                "column": 6
              },
              "end": {
                "line": 94,
                "column": 7
              }
            },
            "25": {
              "start": {
                "line": 92,
                "column": 25
              },
              "end": {
                "line": 92,
                "column": 76
              }
            },
            "26": {
              "start": {
                "line": 93,
                "column": 8
              },
              "end": {
                "line": 93,
                "column": 24
              }
            },
            "27": {
              "start": {
                "line": 95,
                "column": 6
              },
              "end": {
                "line": 95,
                "column": 18
              }
            },
            "28": {
              "start": {
                "line": 99,
                "column": 26
              },
              "end": {
                "line": 114,
                "column": 1
              }
            },
            "29": {
              "start": {
                "line": 101,
                "column": 4
              },
              "end": {
                "line": 104,
                "column": 6
              }
            },
            "30": {
              "start": {
                "line": 107,
                "column": 24
              },
              "end": {
                "line": 107,
                "column": 66
              }
            },
            "31": {
              "start": {
                "line": 109,
                "column": 4
              },
              "end": {
                "line": 112,
                "column": 21
              }
            },
            "32": {
              "start": {
                "line": 115,
                "column": 35
              },
              "end": {
                "line": 129,
                "column": 1
              }
            },
            "33": {
              "start": {
                "line": 117,
                "column": 4
              },
              "end": {
                "line": 123,
                "column": 6
              }
            },
            "34": {
              "start": {
                "line": 126,
                "column": 24
              },
              "end": {
                "line": 126,
                "column": 34
              }
            },
            "35": {
              "start": {
                "line": 127,
                "column": 4
              },
              "end": {
                "line": 127,
                "column": 73
              }
            },
            "36": {
              "start": {
                "line": 130,
                "column": 35
              },
              "end": {
                "line": 141,
                "column": 1
              }
            },
            "37": {
              "start": {
                "line": 132,
                "column": 4
              },
              "end": {
                "line": 135,
                "column": 6
              }
            },
            "38": {
              "start": {
                "line": 139,
                "column": 4
              },
              "end": {
                "line": 139,
                "column": 54
              }
            },
            "39": {
              "start": {
                "line": 147,
                "column": 31
              },
              "end": {
                "line": 164,
                "column": 1
              }
            },
            "40": {
              "start": {
                "line": 149,
                "column": 4
              },
              "end": {
                "line": 151,
                "column": 6
              }
            },
            "41": {
              "start": {
                "line": 154,
                "column": 23
              },
              "end": {
                "line": 154,
                "column": 72
              }
            },
            "42": {
              "start": {
                "line": 155,
                "column": 24
              },
              "end": {
                "line": 155,
                "column": 58
              }
            },
            "43": {
              "start": {
                "line": 157,
                "column": 4
              },
              "end": {
                "line": 162,
                "column": 6
              }
            },
            "44": {
              "start": {
                "line": 169,
                "column": 21
              },
              "end": {
                "line": 182,
                "column": 1
              }
            },
            "45": {
              "start": {
                "line": 171,
                "column": 4
              },
              "end": {
                "line": 171,
                "column": 16
              }
            },
            "46": {
              "start": {
                "line": 174,
                "column": 4
              },
              "end": {
                "line": 174,
                "column": 54
              }
            },
            "47": {
              "start": {
                "line": 175,
                "column": 24
              },
              "end": {
                "line": 175,
                "column": 86
              }
            },
            "48": {
              "start": {
                "line": 177,
                "column": 4
              },
              "end": {
                "line": 180,
                "column": 21
              }
            },
            "49": {
              "start": {
                "line": 184,
                "column": 21
              },
              "end": {
                "line": 200,
                "column": 1
              }
            },
            "50": {
              "start": {
                "line": 186,
                "column": 4
              },
              "end": {
                "line": 186,
                "column": 41
              }
            },
            "51": {
              "start": {
                "line": 189,
                "column": 4
              },
              "end": {
                "line": 194,
                "column": 5
              }
            },
            "52": {
              "start": {
                "line": 190,
                "column": 6
              },
              "end": {
                "line": 193,
                "column": 23
              }
            },
            "53": {
              "start": {
                "line": 195,
                "column": 4
              },
              "end": {
                "line": 198,
                "column": 21
              }
            },
            "54": {
              "start": {
                "line": 205,
                "column": 0
              },
              "end": {
                "line": 217,
                "column": 12
              }
            }
          },
          "fnMap": {
            "0": {
              "name": "(anonymous_0)",
              "decl": {
                "start": {
                  "line": 39,
                  "column": 2
                },
                "end": {
                  "line": 39,
                  "column": 3
                }
              },
              "loc": {
                "start": {
                  "line": 39,
                  "column": 26
                },
                "end": {
                  "line": 43,
                  "column": 3
                }
              },
              "line": 39
            },
            "1": {
              "name": "(anonymous_1)",
              "decl": {
                "start": {
                  "line": 44,
                  "column": 2
                },
                "end": {
                  "line": 44,
                  "column": 3
                }
              },
              "loc": {
                "start": {
                  "line": 44,
                  "column": 29
                },
                "end": {
                  "line": 51,
                  "column": 3
                }
              },
              "line": 44
            },
            "2": {
              "name": "(anonymous_2)",
              "decl": {
                "start": {
                  "line": 55,
                  "column": 2
                },
                "end": {
                  "line": 55,
                  "column": 3
                }
              },
              "loc": {
                "start": {
                  "line": 55,
                  "column": 26
                },
                "end": {
                  "line": 60,
                  "column": 3
                }
              },
              "line": 55
            },
            "3": {
              "name": "(anonymous_3)",
              "decl": {
                "start": {
                  "line": 61,
                  "column": 2
                },
                "end": {
                  "line": 61,
                  "column": 3
                }
              },
              "loc": {
                "start": {
                  "line": 61,
                  "column": 29
                },
                "end": {
                  "line": 97,
                  "column": 3
                }
              },
              "line": 61
            },
            "4": {
              "name": "(anonymous_4)",
              "decl": {
                "start": {
                  "line": 100,
                  "column": 2
                },
                "end": {
                  "line": 100,
                  "column": 3
                }
              },
              "loc": {
                "start": {
                  "line": 100,
                  "column": 26
                },
                "end": {
                  "line": 105,
                  "column": 3
                }
              },
              "line": 100
            },
            "5": {
              "name": "(anonymous_5)",
              "decl": {
                "start": {
                  "line": 106,
                  "column": 2
                },
                "end": {
                  "line": 106,
                  "column": 3
                }
              },
              "loc": {
                "start": {
                  "line": 106,
                  "column": 29
                },
                "end": {
                  "line": 113,
                  "column": 3
                }
              },
              "line": 106
            },
            "6": {
              "name": "(anonymous_6)",
              "decl": {
                "start": {
                  "line": 116,
                  "column": 2
                },
                "end": {
                  "line": 116,
                  "column": 3
                }
              },
              "loc": {
                "start": {
                  "line": 116,
                  "column": 26
                },
                "end": {
                  "line": 124,
                  "column": 3
                }
              },
              "line": 116
            },
            "7": {
              "name": "(anonymous_7)",
              "decl": {
                "start": {
                  "line": 125,
                  "column": 2
                },
                "end": {
                  "line": 125,
                  "column": 3
                }
              },
              "loc": {
                "start": {
                  "line": 125,
                  "column": 29
                },
                "end": {
                  "line": 128,
                  "column": 3
                }
              },
              "line": 125
            },
            "8": {
              "name": "(anonymous_8)",
              "decl": {
                "start": {
                  "line": 131,
                  "column": 2
                },
                "end": {
                  "line": 131,
                  "column": 3
                }
              },
              "loc": {
                "start": {
                  "line": 131,
                  "column": 26
                },
                "end": {
                  "line": 136,
                  "column": 3
                }
              },
              "line": 131
            },
            "9": {
              "name": "(anonymous_9)",
              "decl": {
                "start": {
                  "line": 137,
                  "column": 2
                },
                "end": {
                  "line": 137,
                  "column": 3
                }
              },
              "loc": {
                "start": {
                  "line": 137,
                  "column": 29
                },
                "end": {
                  "line": 140,
                  "column": 3
                }
              },
              "line": 137
            },
            "10": {
              "name": "(anonymous_10)",
              "decl": {
                "start": {
                  "line": 148,
                  "column": 2
                },
                "end": {
                  "line": 148,
                  "column": 3
                }
              },
              "loc": {
                "start": {
                  "line": 148,
                  "column": 26
                },
                "end": {
                  "line": 152,
                  "column": 3
                }
              },
              "line": 148
            },
            "11": {
              "name": "(anonymous_11)",
              "decl": {
                "start": {
                  "line": 153,
                  "column": 2
                },
                "end": {
                  "line": 153,
                  "column": 3
                }
              },
              "loc": {
                "start": {
                  "line": 153,
                  "column": 29
                },
                "end": {
                  "line": 163,
                  "column": 3
                }
              },
              "line": 153
            },
            "12": {
              "name": "(anonymous_12)",
              "decl": {
                "start": {
                  "line": 170,
                  "column": 2
                },
                "end": {
                  "line": 170,
                  "column": 3
                }
              },
              "loc": {
                "start": {
                  "line": 170,
                  "column": 14
                },
                "end": {
                  "line": 172,
                  "column": 3
                }
              },
              "line": 170
            },
            "13": {
              "name": "(anonymous_13)",
              "decl": {
                "start": {
                  "line": 173,
                  "column": 2
                },
                "end": {
                  "line": 173,
                  "column": 3
                }
              },
              "loc": {
                "start": {
                  "line": 173,
                  "column": 36
                },
                "end": {
                  "line": 181,
                  "column": 3
                }
              },
              "line": 173
            },
            "14": {
              "name": "(anonymous_14)",
              "decl": {
                "start": {
                  "line": 185,
                  "column": 2
                },
                "end": {
                  "line": 185,
                  "column": 3
                }
              },
              "loc": {
                "start": {
                  "line": 185,
                  "column": 33
                },
                "end": {
                  "line": 187,
                  "column": 3
                }
              },
              "line": 185
            },
            "15": {
              "name": "(anonymous_15)",
              "decl": {
                "start": {
                  "line": 188,
                  "column": 2
                },
                "end": {
                  "line": 188,
                  "column": 3
                }
              },
              "loc": {
                "start": {
                  "line": 188,
                  "column": 30
                },
                "end": {
                  "line": 199,
                  "column": 3
                }
              },
              "line": 188
            }
          },
          "branchMap": {
            "0": {
              "loc": {
                "start": {
                  "line": 6,
                  "column": 13
                },
                "end": {
                  "line": 6,
                  "column": 74
                }
              },
              "type": "cond-expr",
              "locations": [
                {
                  "start": {
                    "line": 6,
                    "column": 33
                  },
                  "end": {
                    "line": 6,
                    "column": 54
                  }
                },
                {
                  "start": {
                    "line": 6,
                    "column": 57
                  },
                  "end": {
                    "line": 6,
                    "column": 74
                  }
                }
              ],
              "line": 6
            },
            "1": {
              "loc": {
                "start": {
                  "line": 57,
                  "column": 6
                },
                "end": {
                  "line": 58,
                  "column": 75
                }
              },
              "type": "binary-expr",
              "locations": [
                {
                  "start": {
                    "line": 57,
                    "column": 6
                  },
                  "end": {
                    "line": 57,
                    "column": 76
                  }
                },
                {
                  "start": {
                    "line": 58,
                    "column": 6
                  },
                  "end": {
                    "line": 58,
                    "column": 75
                  }
                }
              ],
              "line": 57
            },
            "2": {
              "loc": {
                "start": {
                  "line": 66,
                  "column": 4
                },
                "end": {
                  "line": 71,
                  "column": 5
                }
              },
              "type": "if",
              "locations": [
                {
                  "start": {
                    "line": 66,
                    "column": 4
                  },
                  "end": {
                    "line": 71,
                    "column": 5
                  }
                },
                {
                  "start": {
                    "line": 66,
                    "column": 4
                  },
                  "end": {
                    "line": 71,
                    "column": 5
                  }
                }
              ],
              "line": 66
            },
            "3": {
              "loc": {
                "start": {
                  "line": 82,
                  "column": 6
                },
                "end": {
                  "line": 88,
                  "column": 7
                }
              },
              "type": "if",
              "locations": [
                {
                  "start": {
                    "line": 82,
                    "column": 6
                  },
                  "end": {
                    "line": 88,
                    "column": 7
                  }
                },
                {
                  "start": {
                    "line": 82,
                    "column": 6
                  },
                  "end": {
                    "line": 88,
                    "column": 7
                  }
                }
              ],
              "line": 82
            },
            "4": {
              "loc": {
                "start": {
                  "line": 91,
                  "column": 6
                },
                "end": {
                  "line": 94,
                  "column": 7
                }
              },
              "type": "if",
              "locations": [
                {
                  "start": {
                    "line": 91,
                    "column": 6
                  },
                  "end": {
                    "line": 94,
                    "column": 7
                  }
                },
                {
                  "start": {
                    "line": 91,
                    "column": 6
                  },
                  "end": {
                    "line": 94,
                    "column": 7
                  }
                }
              ],
              "line": 91
            },
            "5": {
              "loc": {
                "start": {
                  "line": 102,
                  "column": 6
                },
                "end": {
                  "line": 103,
                  "column": 79
                }
              },
              "type": "binary-expr",
              "locations": [
                {
                  "start": {
                    "line": 102,
                    "column": 6
                  },
                  "end": {
                    "line": 102,
                    "column": 76
                  }
                },
                {
                  "start": {
                    "line": 103,
                    "column": 6
                  },
                  "end": {
                    "line": 103,
                    "column": 79
                  }
                }
              ],
              "line": 102
            },
            "6": {
              "loc": {
                "start": {
                  "line": 118,
                  "column": 6
                },
                "end": {
                  "line": 122,
                  "column": 30
                }
              },
              "type": "binary-expr",
              "locations": [
                {
                  "start": {
                    "line": 118,
                    "column": 6
                  },
                  "end": {
                    "line": 118,
                    "column": 76
                  }
                },
                {
                  "start": {
                    "line": 119,
                    "column": 7
                  },
                  "end": {
                    "line": 120,
                    "column": 29
                  }
                },
                {
                  "start": {
                    "line": 121,
                    "column": 8
                  },
                  "end": {
                    "line": 122,
                    "column": 29
                  }
                }
              ],
              "line": 118
            },
            "7": {
              "loc": {
                "start": {
                  "line": 189,
                  "column": 4
                },
                "end": {
                  "line": 194,
                  "column": 5
                }
              },
              "type": "if",
              "locations": [
                {
                  "start": {
                    "line": 189,
                    "column": 4
                  },
                  "end": {
                    "line": 194,
                    "column": 5
                  }
                },
                {
                  "start": {
                    "line": 189,
                    "column": 4
                  },
                  "end": {
                    "line": 194,
                    "column": 5
                  }
                }
              ],
              "line": 189
            }
          },
          "s": {
            "0": 1,
            "1": 1,
            "2": 1,
            "3": 1,
            "4": 1,
            "5": 16,
            "6": 9,
            "7": 9,
            "8": 1,
            "9": 7,
            "10": 7,
            "11": 7,
            "12": 7,
            "13": 0,
            "14": 7,
            "15": 7,
            "16": 7,
            "17": 7,
            "18": 7,
            "19": 7,
            "20": 0,
            "21": 0,
            "22": 0,
            "23": 0,
            "24": 7,
            "25": 7,
            "26": 7,
            "27": 0,
            "28": 1,
            "29": 0,
            "30": 0,
            "31": 0,
            "32": 1,
            "33": 0,
            "34": 0,
            "35": 0,
            "36": 1,
            "37": 0,
            "38": 0,
            "39": 1,
            "40": 0,
            "41": 0,
            "42": 0,
            "43": 0,
            "44": 1,
            "45": 0,
            "46": 0,
            "47": 0,
            "48": 0,
            "49": 1,
            "50": 0,
            "51": 0,
            "52": 0,
            "53": 0,
            "54": 1
          },
          "f": {
            "0": 16,
            "1": 9,
            "2": 7,
            "3": 7,
            "4": 0,
            "5": 0,
            "6": 0,
            "7": 0,
            "8": 0,
            "9": 0,
            "10": 0,
            "11": 0,
            "12": 0,
            "13": 0,
            "14": 0,
            "15": 0
          },
          "b": {
            "0": [
              0,
              1
            ],
            "1": [
              7,
              7
            ],
            "2": [
              0,
              7
            ],
            "3": [
              0,
              0
            ],
            "4": [
              7,
              0
            ],
            "5": [
              0,
              0
            ],
            "6": [
              0,
              0,
              0
            ],
            "7": [
              0,
              0
            ]
          },
          "_coverageSchema": "43e27e138ebf9cfc5966b082cf9a028302ed4184",
          "hash": "f68372b3bd18c208d932b198be318a36ed0cbe62"
        },
        "C:\\Users\\janbe\\Desktop\\Hauptordner\\Schule\\Semester_4\\Projekt\\devonfw\\workspaces\\my-thai-star\\alexa\\lambda\\util.js": {
          "path": "C:\\Users\\janbe\\Desktop\\Hauptordner\\Schule\\Semester_4\\Projekt\\devonfw\\workspaces\\my-thai-star\\alexa\\lambda\\util.js",
          "statementMap": {
            "0": {
              "start": {
                "line": 1,
                "column": 12
              },
              "end": {
                "line": 1,
                "column": 30
              }
            },
            "1": {
              "start": {
                "line": 2,
                "column": 15
              },
              "end": {
                "line": 2,
                "column": 34
              }
            },
            "2": {
              "start": {
                "line": 3,
                "column": 13
              },
              "end": {
                "line": 3,
                "column": 28
              }
            },
            "3": {
              "start": {
                "line": 5,
                "column": 22
              },
              "end": {
                "line": 7,
                "column": 2
              }
            },
            "4": {
              "start": {
                "line": 9,
                "column": 0
              },
              "end": {
                "line": 18,
                "column": 2
              }
            },
            "5": {
              "start": {
                "line": 10,
                "column": 21
              },
              "end": {
                "line": 10,
                "column": 54
              }
            },
            "6": {
              "start": {
                "line": 11,
                "column": 25
              },
              "end": {
                "line": 15,
                "column": 4
              }
            },
            "7": {
              "start": {
                "line": 16,
                "column": 2
              },
              "end": {
                "line": 16,
                "column": 75
              }
            },
            "8": {
              "start": {
                "line": 17,
                "column": 2
              },
              "end": {
                "line": 17,
                "column": 24
              }
            },
            "9": {
              "start": {
                "line": 20,
                "column": 0
              },
              "end": {
                "line": 61,
                "column": 2
              }
            },
            "10": {
              "start": {
                "line": 21,
                "column": 2
              },
              "end": {
                "line": 60,
                "column": 5
              }
            },
            "11": {
              "start": {
                "line": 22,
                "column": 15
              },
              "end": {
                "line": 22,
                "column": 25
              }
            },
            "12": {
              "start": {
                "line": 23,
                "column": 4
              },
              "end": {
                "line": 23,
                "column": 36
              }
            },
            "13": {
              "start": {
                "line": 24,
                "column": 17
              },
              "end": {
                "line": 31,
                "column": 6
              }
            },
            "14": {
              "start": {
                "line": 33,
                "column": 20
              },
              "end": {
                "line": 42,
                "column": 5
              }
            },
            "15": {
              "start": {
                "line": 44,
                "column": 16
              },
              "end": {
                "line": 52,
                "column": 6
              }
            },
            "16": {
              "start": {
                "line": 45,
                "column": 6
              },
              "end": {
                "line": 45,
                "column": 51
              }
            },
            "17": {
              "start": {
                "line": 46,
                "column": 6
              },
              "end": {
                "line": 48,
                "column": 9
              }
            },
            "18": {
              "start": {
                "line": 47,
                "column": 8
              },
              "end": {
                "line": 47,
                "column": 32
              }
            },
            "19": {
              "start": {
                "line": 49,
                "column": 6
              },
              "end": {
                "line": 51,
                "column": 9
              }
            },
            "20": {
              "start": {
                "line": 50,
                "column": 8
              },
              "end": {
                "line": 50,
                "column": 18
              }
            },
            "21": {
              "start": {
                "line": 54,
                "column": 4
              },
              "end": {
                "line": 56,
                "column": 7
              }
            },
            "22": {
              "start": {
                "line": 55,
                "column": 6
              },
              "end": {
                "line": 55,
                "column": 20
              }
            },
            "23": {
              "start": {
                "line": 58,
                "column": 4
              },
              "end": {
                "line": 58,
                "column": 20
              }
            },
            "24": {
              "start": {
                "line": 59,
                "column": 4
              },
              "end": {
                "line": 59,
                "column": 14
              }
            }
          },
          "fnMap": {
            "0": {
              "name": "getS3PreSignedUrl",
              "decl": {
                "start": {
                  "line": 9,
                  "column": 44
                },
                "end": {
                  "line": 9,
                  "column": 61
                }
              },
              "loc": {
                "start": {
                  "line": 9,
                  "column": 75
                },
                "end": {
                  "line": 18,
                  "column": 1
                }
              },
              "line": 9
            },
            "1": {
              "name": "(anonymous_1)",
              "decl": {
                "start": {
                  "line": 20,
                  "column": 35
                },
                "end": {
                  "line": 20,
                  "column": 36
                }
              },
              "loc": {
                "start": {
                  "line": 20,
                  "column": 52
                },
                "end": {
                  "line": 61,
                  "column": 1
                }
              },
              "line": 20
            },
            "2": {
              "name": "(anonymous_2)",
              "decl": {
                "start": {
                  "line": 21,
                  "column": 21
                },
                "end": {
                  "line": 21,
                  "column": 22
                }
              },
              "loc": {
                "start": {
                  "line": 21,
                  "column": 42
                },
                "end": {
                  "line": 60,
                  "column": 3
                }
              },
              "line": 21
            },
            "3": {
              "name": "(anonymous_3)",
              "decl": {
                "start": {
                  "line": 44,
                  "column": 38
                },
                "end": {
                  "line": 44,
                  "column": 39
                }
              },
              "loc": {
                "start": {
                  "line": 44,
                  "column": 47
                },
                "end": {
                  "line": 52,
                  "column": 5
                }
              },
              "line": 44
            },
            "4": {
              "name": "(anonymous_4)",
              "decl": {
                "start": {
                  "line": 46,
                  "column": 21
                },
                "end": {
                  "line": 46,
                  "column": 22
                }
              },
              "loc": {
                "start": {
                  "line": 46,
                  "column": 28
                },
                "end": {
                  "line": 48,
                  "column": 7
                }
              },
              "line": 46
            },
            "5": {
              "name": "(anonymous_5)",
              "decl": {
                "start": {
                  "line": 49,
                  "column": 20
                },
                "end": {
                  "line": 49,
                  "column": 21
                }
              },
              "loc": {
                "start": {
                  "line": 49,
                  "column": 27
                },
                "end": {
                  "line": 51,
                  "column": 7
                }
              },
              "line": 49
            },
            "6": {
              "name": "(anonymous_6)",
              "decl": {
                "start": {
                  "line": 54,
                  "column": 20
                },
                "end": {
                  "line": 54,
                  "column": 21
                }
              },
              "loc": {
                "start": {
                  "line": 54,
                  "column": 31
                },
                "end": {
                  "line": 56,
                  "column": 5
                }
              },
              "line": 54
            }
          },
          "branchMap": {},
          "s": {
            "0": 1,
            "1": 1,
            "2": 1,
            "3": 1,
            "4": 1,
            "5": 0,
            "6": 0,
            "7": 0,
            "8": 0,
            "9": 1,
            "10": 7,
            "11": 7,
            "12": 7,
            "13": 7,
            "14": 7,
            "15": 7,
            "16": 0,
            "17": 0,
            "18": 0,
            "19": 0,
            "20": 0,
            "21": 7,
            "22": 7,
            "23": 7,
            "24": 7
          },
          "f": {
            "0": 0,
            "1": 7,
            "2": 7,
            "3": 0,
            "4": 0,
            "5": 0,
            "6": 7
          },
          "b": {},
          "_coverageSchema": "43e27e138ebf9cfc5966b082cf9a028302ed4184",
          "hash": "749524de5d2ccf16ebe3f3988edbd1ac761026a3"
        },
        "C:\\Users\\janbe\\Desktop\\Hauptordner\\Schule\\Semester_4\\Projekt\\devonfw\\workspaces\\my-thai-star\\alexa\\lambda\\config.js": {
          "path": "C:\\Users\\janbe\\Desktop\\Hauptordner\\Schule\\Semester_4\\Projekt\\devonfw\\workspaces\\my-thai-star\\alexa\\lambda\\config.js",
          "statementMap": {
            "0": {
              "start": {
                "line": 1,
                "column": 0
              },
              "end": {
                "line": 7,
                "column": 1
              }
            }
          },
          "fnMap": {},
          "branchMap": {},
          "s": {
            "0": 1
          },
          "f": {},
          "b": {},
          "_coverageSchema": "43e27e138ebf9cfc5966b082cf9a028302ed4184",
          "hash": "84d06c33b0aa8b39f207596ec201151e07b102f5"
        }
      }
    }
  ],
  "wasInterrupted": false
}